[00:04:55] [ServerMain/INFO]: Environment: Environment[sessionHost=https://sessionserver.mojang.com, servicesHost=https://api.minecraftservices.com, name=PROD]
[00:04:56] [ServerMain/INFO]: Loaded 1175 recipes
[00:04:56] [ServerMain/INFO]: Loaded 1276 advancements
[00:04:56] [Server thread/INFO]: Starting minecraft server version 1.20.6
[00:04:56] [Server thread/INFO]: Loading properties
[00:04:56] [Server thread/INFO]: This server is running Paper version 1.20.6-151-ver/1.20.6@a4f0f5c (2024-10-30T19:13:22Z) (Implementing API version 1.20.6-R0.1-SNAPSHOT)
[00:04:57] [Server thread/INFO]: Server Ping Player Sample Count: 12
[00:04:57] [Server thread/INFO]: Using 4 threads for Netty based IO
[00:04:58] [Server thread/WARN]: [!] The timings profiler has been enabled but has been scheduled for removal from Paper in the future.
    We recommend installing the spark profiler as a replacement: https://spark.lucko.me/
    For more information please visit: https://github.com/PaperMC/Paper/issues/8948
[00:04:58] [Server thread/INFO]: [ChunkTaskScheduler] Chunk system is using 1 I/O threads, 1 worker threads, and gen parallelism of 1 threads
[00:04:58] [Server thread/INFO]: Default game type: SURVIVAL
[00:04:58] [Server thread/INFO]: Generating keypair
[00:04:58] [Server thread/INFO]: Starting Minecraft server on *:25565
[00:04:58] [Server thread/INFO]: Using epoll channel type
[00:04:58] [Server thread/INFO]: Paper: Using libdeflate (Linux x86_64) compression from Velocity.
[00:04:58] [Server thread/INFO]: Paper: Using OpenSSL 3.0.x (Linux x86_64) cipher from Velocity.
[00:04:58] [Server thread/INFO]: Server permissions file permissions.yml is empty, ignoring it
[00:04:58] [Server thread/INFO]: Preparing level "world"
[00:04:58] [Server thread/INFO]: Preparing start region for dimension minecraft:overworld
[00:04:59] [Server thread/INFO]: Time elapsed: 1162 ms
[00:04:59] [Server thread/INFO]: Preparing start region for dimension minecraft:the_nether
[00:05:00] [Server thread/INFO]: Time elapsed: 187 ms
[00:05:00] [Server thread/INFO]: Preparing start region for dimension minecraft:the_end
[00:05:00] [Server thread/INFO]: Time elapsed: 136 ms
[00:05:00] [Server thread/INFO]: Running delayed init tasks
[00:05:00] [Server thread/INFO]: Done (3.473s)! For help, type "help"
[00:05:00] [Server thread/INFO]: Timings Reset
